2025-09-19 00:39:06,779 - main_app - INFO - 🚀 Инициализация BESS_Geometry v2.0.0
2025-09-19 00:39:06,779 - main_app - INFO - 🔍 Проверка доступности компонентов...
2025-09-19 00:39:06,779 - main_app - WARNING - ⚠️ IO BESS функции недоступны: attempted relative import with no known parent package
2025-09-19 00:39:06,780 - main_app - INFO - ✅ Система состояния доступна
2025-09-19 00:39:06,780 - main_app - INFO - ✅ Геометрические утилиты доступны
2025-09-19 00:39:06,818 - main_app - INFO - ✅ Геометрический canvas доступен
2025-09-19 00:39:06,818 - main_app - INFO - ✅ Базовый tkinter доступен
2025-09-19 00:39:06,897 - main_app - INFO - 🔍 Проверка доступности компонентов...
2025-09-19 00:39:06,898 - main_app - WARNING - ⚠️ IO BESS функции недоступны: attempted relative import with no known parent package
2025-09-19 00:39:06,898 - main_app - INFO - ✅ Система состояния доступна
2025-09-19 00:39:06,898 - main_app - INFO - ✅ Геометрические утилиты доступны
2025-09-19 00:39:06,898 - main_app - INFO - ✅ Геометрический canvas доступен
2025-09-19 00:39:06,898 - main_app - INFO - ✅ Базовый tkinter доступен
2025-09-19 00:39:06,927 - main_app - INFO - 🎨 Создание полного интерфейса с геометрическим canvas
2025-09-19 00:39:06,942 - main_app - INFO - ✅ Геометрический canvas создан
2025-09-19 00:46:18,885 - main_app - INFO - 🚀 Инициализация BESS_Geometry v2.0.0
2025-09-19 00:46:18,886 - main_app - INFO - 🔍 Проверка доступности компонентов...
2025-09-19 00:46:18,890 - main_app - INFO - ✅ IO BESS функции доступны
2025-09-19 00:46:18,890 - main_app - INFO - ✅ Система состояния доступна
2025-09-19 00:46:18,890 - main_app - INFO - ✅ Геометрические утилиты доступны
2025-09-19 00:46:18,936 - main_app - INFO - ✅ Геометрический canvas доступен
2025-09-19 00:46:18,936 - main_app - INFO - ✅ Базовый tkinter доступен
2025-09-19 00:46:19,017 - main_app - INFO - 🔍 Проверка доступности компонентов...
2025-09-19 00:46:19,017 - main_app - INFO - ✅ IO BESS функции доступны
2025-09-19 00:46:19,017 - main_app - INFO - ✅ Система состояния доступна
2025-09-19 00:46:19,017 - main_app - INFO - ✅ Геометрические утилиты доступны
2025-09-19 00:46:19,017 - main_app - INFO - ✅ Геометрический canvas доступен
2025-09-19 00:46:19,018 - main_app - INFO - ✅ Базовый tkinter доступен
2025-09-19 00:46:19,046 - main_app - INFO - 🎨 Создание полного интерфейса с геометрическим canvas
2025-09-19 00:46:19,056 - main_app - INFO - ✅ Геометрический canvas создан
2025-09-19 00:46:19,064 - main_app - INFO - ✅ Полный интерфейс создан
2025-09-19 00:46:19,064 - main_app - INFO - ✅ Приложение инициализировано (ЭТАП 1 - исправлен)
2025-09-19 00:46:19,064 - main_app - INFO - 🚀 Запуск главного цикла приложения (ЭТАП 1 - исправлен)
2025-09-19 00:46:19,064 - main_app - INFO - 📊 Уровень возможностей: full
2025-09-19 00:46:27,305 - main_app - INFO - 📂 Открытие BESS файла...
2025-09-19 00:46:32,061 - main_app - INFO - 🔍 Проверка доступности компонентов...
2025-09-19 00:46:32,061 - main_app - INFO - ✅ IO BESS функции доступны
2025-09-19 00:46:32,061 - main_app - INFO - ✅ Система состояния доступна
2025-09-19 00:46:32,061 - main_app - INFO - ✅ Геометрические утилиты доступны
2025-09-19 00:46:32,062 - main_app - INFO - ✅ Геометрический canvas доступен
2025-09-19 00:46:32,062 - main_app - INFO - ✅ Базовый tkinter доступен
2025-09-19 00:46:32,091 - main_app - INFO - 📥 Загружаем D:/Projects/InnovativeBuildingDesign/GitHub/SESS/SESS/bess_geometry/revit_export.json
2025-09-19 00:46:32,830 - main_app - ERROR - ❌ Ошибка загрузки файла:
'AppState' object has no attribute 'set_source'
2025-09-19 00:46:39,243 - main_app - INFO - 📂 Открытие BESS файла...
2025-09-19 00:46:41,514 - main_app - INFO - 🔍 Проверка доступности компонентов...
2025-09-19 00:46:41,514 - main_app - INFO - ✅ IO BESS функции доступны
2025-09-19 00:46:41,514 - main_app - INFO - ✅ Система состояния доступна
2025-09-19 00:46:41,514 - main_app - INFO - ✅ Геометрические утилиты доступны
2025-09-19 00:46:41,515 - main_app - INFO - ✅ Геометрический canvas доступен
2025-09-19 00:46:41,515 - main_app - INFO - ✅ Базовый tkinter доступен
2025-09-19 00:46:41,543 - main_app - INFO - 📥 Загружаем D:/Projects/InnovativeBuildingDesign/GitHub/SESS/SESS/bess_geometry/test_building.json
2025-09-19 00:46:41,545 - main_app - ERROR - ❌ Ошибка загрузки файла:
'AppState' object has no attribute 'set_source'
2025-09-19 00:47:10,163 - main_app - INFO - 📂 Открытие BESS файла...
2025-09-19 00:47:13,967 - main_app - INFO - 🔍 Проверка доступности компонентов...
2025-09-19 00:47:13,967 - main_app - INFO - ✅ IO BESS функции доступны
2025-09-19 00:47:13,968 - main_app - INFO - ✅ Система состояния доступна
2025-09-19 00:47:13,968 - main_app - INFO - ✅ Геометрические утилиты доступны
2025-09-19 00:47:13,968 - main_app - INFO - ✅ Геометрический canvas доступен
2025-09-19 00:47:13,968 - main_app - INFO - ✅ Базовый tkinter доступен
2025-09-19 00:47:13,996 - main_app - INFO - 📥 Загружаем D:/Projects/InnovativeBuildingDesign/GitHub/SESS/SESS/bess_geometry/test_building.json
2025-09-19 00:47:13,997 - main_app - ERROR - ❌ Ошибка загрузки файла:
'AppState' object has no attribute 'set_source'
2025-09-19 00:49:04,940 - main_app - INFO - 🔚 Закрытие приложения
2025-09-19 00:49:04,976 - main_app - INFO - ✅ Приложение завершено корректно
2025-09-19 00:49:35,574 - main_app - INFO - 🚀 Инициализация BESS_Geometry v2.0.0
2025-09-19 00:49:35,575 - main_app - INFO - 🔍 Проверка доступности компонентов...
2025-09-19 00:49:35,575 - main_app - INFO - ✅ IO BESS функции доступны
2025-09-19 00:49:35,575 - main_app - INFO - ✅ Система состояния доступна
2025-09-19 00:49:35,575 - main_app - INFO - ✅ Геометрические утилиты доступны
2025-09-19 00:49:35,619 - main_app - INFO - ✅ Геометрический canvas доступен
2025-09-19 00:49:35,620 - main_app - INFO - ✅ Базовый tkinter доступен
2025-09-19 00:49:35,707 - main_app - INFO - 🔍 Проверка доступности компонентов...
2025-09-19 00:49:35,707 - main_app - INFO - ✅ IO BESS функции доступны
2025-09-19 00:49:35,707 - main_app - INFO - ✅ Система состояния доступна
2025-09-19 00:49:35,707 - main_app - INFO - ✅ Геометрические утилиты доступны
2025-09-19 00:49:35,707 - main_app - INFO - ✅ Геометрический canvas доступен
2025-09-19 00:49:35,707 - main_app - INFO - ✅ Базовый tkinter доступен
2025-09-19 00:49:35,737 - main_app - INFO - 🎨 Создание полного интерфейса с геометрическим canvas
2025-09-19 00:49:35,748 - main_app - INFO - ✅ Геометрический canvas создан
2025-09-19 00:49:35,757 - main_app - INFO - ✅ Полный интерфейс создан
2025-09-19 00:49:35,757 - main_app - INFO - ✅ Приложение инициализировано (ЭТАП 1 - исправлен)
2025-09-19 00:49:35,757 - main_app - INFO - 🚀 Запуск главного цикла приложения (ЭТАП 1 - исправлен)
2025-09-19 00:49:35,757 - main_app - INFO - 📊 Уровень возможностей: full
2025-09-19 00:49:38,091 - main_app - INFO - 📂 Открытие BESS файла...
2025-09-19 00:49:40,280 - main_app - INFO - 🔍 Проверка доступности компонентов...
2025-09-19 00:49:40,280 - main_app - INFO - ✅ IO BESS функции доступны
2025-09-19 00:49:40,280 - main_app - INFO - ✅ Система состояния доступна
2025-09-19 00:49:40,280 - main_app - INFO - ✅ Геометрические утилиты доступны
2025-09-19 00:49:40,280 - main_app - INFO - ✅ Геометрический canvas доступен
2025-09-19 00:49:40,281 - main_app - INFO - ✅ Базовый tkinter доступен
2025-09-19 00:49:40,308 - main_app - INFO - 📥 Загружаем D:/Projects/InnovativeBuildingDesign/GitHub/SESS/SESS/bess_geometry/test_building.json
2025-09-19 00:49:40,309 - main_app - INFO - 🏢 Выбран уровень: Level 1
2025-09-19 00:49:40,310 - main_app - INFO - 🎨 Отрисовка данных на canvas...
2025-09-19 00:49:40,311 - main_app - INFO - ✅ Данные отрисованы на canvas
2025-09-19 00:49:42,018 - main_app - INFO - ✅ Файл успешно загружен и отображен
2025-09-19 00:49:49,343 - main_app - INFO - 📂 Открытие BESS файла...
2025-09-19 00:49:53,014 - main_app - INFO - 🔍 Проверка доступности компонентов...
2025-09-19 00:49:53,014 - main_app - INFO - ✅ IO BESS функции доступны
2025-09-19 00:49:53,015 - main_app - INFO - ✅ Система состояния доступна
2025-09-19 00:49:53,015 - main_app - INFO - ✅ Геометрические утилиты доступны
2025-09-19 00:49:53,015 - main_app - INFO - ✅ Геометрический canvas доступен
2025-09-19 00:49:53,015 - main_app - INFO - ✅ Базовый tkinter доступен
2025-09-19 00:49:53,041 - main_app - INFO - 📥 Загружаем D:/Projects/InnovativeBuildingDesign/GitHub/SESS/SESS/bess_geometry/revit_export.json
2025-09-19 00:49:54,989 - main_app - INFO - 🏢 Выбран уровень: B04
2025-09-19 00:49:54,990 - main_app - INFO - 🎨 Отрисовка данных на canvas...
2025-09-19 00:49:54,996 - main_app - INFO - ✅ Данные отрисованы на canvas
2025-09-19 00:49:56,344 - main_app - INFO - ✅ Файл успешно загружен и отображен
